<?xml version="1.0" encoding="UTF-8"?>
<!-- Generated by org.testng.reporters.JUnitReportReporter -->
<testsuite hostname="AnDT-PC-9.local" name="com.bizweb.demo.selenium.testcases.CreateOrderBW" tests="1" failures="0" timestamp="13 Jun 2016 10:56:35 GMT" time="53.389" errors="0">
  <testcase name="createOneOrder" time="53.389" classname="com.bizweb.demo.selenium.testcases.CreateOrderBW"/>
</testsuite> <!-- com.bizweb.demo.selenium.testcases.CreateOrderBW -->
